<?xml version="1.0" encoding="UTF-8"?><testrun name="testSelectionSort" project="Practice" tests="1" started="1" failures="1" errors="0" ignored="0">
  <testsuite name="testSelectionSort" time="0.008" uniqueid="[engine:junit-vintage]/[runner:testSelectionSort]">
    <testcase name="test" classname="testSelectionSort" time="0.008" displayname="test" uniqueid="[engine:junit-vintage]/[runner:testSelectionSort]/[test:test(testSelectionSort)]">
      <failure>arrays first differed at element [0]; expected:&lt;8&gt; but was:&lt;2&gt;&#13;
	at org.junit.internal.ComparisonCriteria.arrayEquals(ComparisonCriteria.java:78)&#13;
	at org.junit.internal.ComparisonCriteria.arrayEquals(ComparisonCriteria.java:28)&#13;
	at org.junit.Assert.internalArrayEquals(Assert.java:534)&#13;
	at org.junit.Assert.assertArrayEquals(Assert.java:418)&#13;
	at org.junit.Assert.assertArrayEquals(Assert.java:429)&#13;
	at testSelectionSort.testPositive(testSelectionSort.java:35)&#13;
	at testSelectionSort.test(testSelectionSort.java:9)&#13;
	at java.base/jdk.internal.reflect.NativeMethodAccessorImpl.invoke0(Native Method)&#13;
	at java.base/jdk.internal.reflect.NativeMethodAccessorImpl.invoke(NativeMethodAccessorImpl.java:77)&#13;
	at java.base/jdk.internal.reflect.DelegatingMethodAccessorImpl.invoke(DelegatingMethodAccessorImpl.java:43)&#13;
	at java.base/java.lang.reflect.Method.invoke(Method.java:568)&#13;
	at org.junit.runners.model.FrameworkMethod$1.runReflectiveCall(FrameworkMethod.java:59)&#13;
	at org.junit.internal.runners.model.ReflectiveCallable.run(ReflectiveCallable.java:12)&#13;
	at org.junit.runners.model.FrameworkMethod.invokeExplosively(FrameworkMethod.java:56)&#13;
	at org.junit.internal.runners.statements.InvokeMethod.evaluate(InvokeMethod.java:17)&#13;
	at org.junit.runners.ParentRunner$3.evaluate(ParentRunner.java:306)&#13;
	at org.junit.runners.BlockJUnit4ClassRunner$1.evaluate(BlockJUnit4ClassRunner.java:100)&#13;
	at org.junit.runners.ParentRunner.runLeaf(ParentRunner.java:366)&#13;
	at org.junit.runners.BlockJUnit4ClassRunner.runChild(BlockJUnit4ClassRunner.java:103)&#13;
	at org.junit.runners.BlockJUnit4ClassRunner.runChild(BlockJUnit4ClassRunner.java:63)&#13;
	at org.junit.runners.ParentRunner$4.run(ParentRunner.java:331)&#13;
	at org.junit.runners.ParentRunner$1.schedule(ParentRunner.java:79)&#13;
	at org.junit.runners.ParentRunner.runChildren(ParentRunner.java:329)&#13;
	at org.junit.runners.ParentRunner.access$100(ParentRunner.java:66)&#13;
	at org.junit.runners.ParentRunner$2.evaluate(ParentRunner.java:293)&#13;
	at org.junit.runners.ParentRunner$3.evaluate(ParentRunner.java:306)&#13;
	at org.junit.runners.ParentRunner.run(ParentRunner.java:413)&#13;
	at org.junit.runner.JUnitCore.run(JUnitCore.java:137)&#13;
	at org.junit.runner.JUnitCore.run(JUnitCore.java:115)&#13;
	at org.junit.vintage.engine.execution.RunnerExecutor.execute(RunnerExecutor.java:43)&#13;
	at java.base/java.util.stream.ForEachOps$ForEachOp$OfRef.accept(ForEachOps.java:183)&#13;
	at java.base/java.util.stream.ReferencePipeline$3$1.accept(ReferencePipeline.java:197)&#13;
	at java.base/java.util.Iterator.forEachRemaining(Iterator.java:133)&#13;
	at java.base/java.util.Spliterators$IteratorSpliterator.forEachRemaining(Spliterators.java:1845)&#13;
	at java.base/java.util.stream.AbstractPipeline.copyInto(AbstractPipeline.java:509)&#13;
	at java.base/java.util.stream.AbstractPipeline.wrapAndCopyInto(AbstractPipeline.java:499)&#13;
	at java.base/java.util.stream.ForEachOps$ForEachOp.evaluateSequential(ForEachOps.java:150)&#13;
	at java.base/java.util.stream.ForEachOps$ForEachOp$OfRef.evaluateSequential(ForEachOps.java:173)&#13;
	at java.base/java.util.stream.AbstractPipeline.evaluate(AbstractPipeline.java:234)&#13;
	at java.base/java.util.stream.ReferencePipeline.forEach(ReferencePipeline.java:596)&#13;
	at org.junit.vintage.engine.VintageTestEngine.executeAllChildren(VintageTestEngine.java:82)&#13;
	at org.junit.vintage.engine.VintageTestEngine.execute(VintageTestEngine.java:73)&#13;
	at org.junit.platform.launcher.core.EngineExecutionOrchestrator.execute(EngineExecutionOrchestrator.java:108)&#13;
	at org.junit.platform.launcher.core.EngineExecutionOrchestrator.execute(EngineExecutionOrchestrator.java:88)&#13;
	at org.junit.platform.launcher.core.EngineExecutionOrchestrator.lambda$execute$0(EngineExecutionOrchestrator.java:54)&#13;
	at org.junit.platform.launcher.core.EngineExecutionOrchestrator.withInterceptedStreams(EngineExecutionOrchestrator.java:67)&#13;
	at org.junit.platform.launcher.core.EngineExecutionOrchestrator.execute(EngineExecutionOrchestrator.java:52)&#13;
	at org.junit.platform.launcher.core.DefaultLauncher.execute(DefaultLauncher.java:96)&#13;
	at org.junit.platform.launcher.core.DefaultLauncher.execute(DefaultLauncher.java:84)&#13;
	at org.eclipse.jdt.internal.junit5.runner.JUnit5TestReference.run(JUnit5TestReference.java:98)&#13;
	at org.eclipse.jdt.internal.junit.runner.TestExecution.run(TestExecution.java:40)&#13;
	at org.eclipse.jdt.internal.junit.runner.RemoteTestRunner.runTests(RemoteTestRunner.java:529)&#13;
	at org.eclipse.jdt.internal.junit.runner.RemoteTestRunner.runTests(RemoteTestRunner.java:756)&#13;
	at org.eclipse.jdt.internal.junit.runner.RemoteTestRunner.run(RemoteTestRunner.java:452)&#13;
	at org.eclipse.jdt.internal.junit.runner.RemoteTestRunner.main(RemoteTestRunner.java:210)&#13;
Caused by: java.lang.AssertionError: expected:&lt;8&gt; but was:&lt;2&gt;&#13;
	at org.junit.Assert.fail(Assert.java:89)&#13;
	at org.junit.Assert.failNotEquals(Assert.java:835)&#13;
	at org.junit.Assert.assertEquals(Assert.java:120)&#13;
	at org.junit.Assert.assertEquals(Assert.java:146)&#13;
	at org.junit.internal.ExactComparisonCriteria.assertElementsEqual(ExactComparisonCriteria.java:8)&#13;
	at org.junit.internal.ComparisonCriteria.arrayEquals(ComparisonCriteria.java:76)&#13;
	... 54 more&#13;
&#13;
</failure>
    </testcase>
  </testsuite>
</testrun>
